<?xml version="1.0" encoding="UTF-8"?>
<TestRun id="6e6b5ab2-e504-462f-88a5-d1eaecc8909b" name="reneb@ATLAS-MAC 2013-04-10 15:20:23" runUser="CHO_NBS\reneb" xmlns="http://microsoft.com/schemas/VisualStudio/TeamTest/2010">
  <TestSettings name="Local" id="1865e0c5-452f-442f-9911-7c486c7d571a">
    <Description>These are default test settings for a local test run.</Description>
    <Deployment enabled="false" runDeploymentRoot="reneb_ATLAS-MAC 2013-04-10 15_20_23" />
    <Execution>
      <TestTypeSpecific />
      <AgentRule name="Execution Agents">
      </AgentRule>
    </Execution>
  </TestSettings>
  <Times creation="2013-04-10T15:20:23.0627505-04:00" queuing="2013-04-10T15:20:23.1097552-04:00" start="2013-04-10T15:20:23.1217564-04:00" finish="2013-04-10T15:20:23.6558098-04:00" />
  <ResultSummary outcome="Completed">
    <Counters total="1" executed="1" passed="1" error="0" failed="0" timeout="0" aborted="0" inconclusive="0" passedButRunAborted="0" notRunnable="0" notExecuted="0" disconnected="0" warning="0" completed="0" inProgress="0" pending="0" />
  </ResultSummary>
  <TestDefinitions>
    <UnitTest name="TestMethod1" storage="c:\users\reneb\documents\my dropbox\visual studio 2010\projects\webserviceversioning\testproject1\bin\debug\testproject1.dll" id="59863143-3238-122e-4d8a-637b491cc755">
      <Execution id="97bba400-a921-4c3b-a94d-9d70c5c1a508" />
      <TestMethod codeBase="C:/Users/reneb/Documents/My Dropbox/Visual Studio 2010/Projects/WebServiceVersioning/TestProject1/bin/Debug/TestProject1.DLL" adapterTypeName="Microsoft.VisualStudio.TestTools.TestTypes.Unit.UnitTestAdapter, Microsoft.VisualStudio.QualityTools.Tips.UnitTest.Adapter, Version=10.0.0.0, Culture=neutral, PublicKeyToken=b03f5f7f11d50a3a" className="TestProject1.UnitTest1, TestProject1, Version=1.0.0.0, Culture=neutral, PublicKeyToken=null" name="TestMethod1" />
    </UnitTest>
  </TestDefinitions>
  <TestLists>
    <TestList name="Results Not in a List" id="8c84fa94-04c1-424b-9868-57a2d4851a1d" />
    <TestList name="All Loaded Results" id="19431567-8539-422a-85d7-44ee4e166bda" />
  </TestLists>
  <TestEntries>
    <TestEntry testId="59863143-3238-122e-4d8a-637b491cc755" executionId="97bba400-a921-4c3b-a94d-9d70c5c1a508" testListId="8c84fa94-04c1-424b-9868-57a2d4851a1d" />
  </TestEntries>
  <Results>
    <UnitTestResult executionId="97bba400-a921-4c3b-a94d-9d70c5c1a508" testId="59863143-3238-122e-4d8a-637b491cc755" testName="TestMethod1" computerName="ATLAS-MAC" duration="00:00:00.2210881" startTime="2013-04-10T15:20:23.1637606-04:00" endTime="2013-04-10T15:20:23.6378080-04:00" testType="13cdc9d9-ddb5-4fa4-a97d-d965ccfc6d4b" outcome="Passed" testListId="8c84fa94-04c1-424b-9868-57a2d4851a1d" relativeResultsDirectory="97bba400-a921-4c3b-a94d-9d70c5c1a508">
    </UnitTestResult>
  </Results>
</TestRun>