<?xml version="1.0" encoding="UTF-8"?>
<TestRun id="1927aa86-2d36-4181-92dc-cb7ea6fcd319" name="reneb@ATLAS-MAC 2013-04-10 15:19:35" runUser="CHO_NBS\reneb" xmlns="http://microsoft.com/schemas/VisualStudio/TeamTest/2010">
  <TestSettings name="Local" id="1865e0c5-452f-442f-9911-7c486c7d571a">
    <Description>These are default test settings for a local test run.</Description>
    <Deployment enabled="false" runDeploymentRoot="reneb_ATLAS-MAC 2013-04-10 15_19_35" />
    <Execution>
      <TestTypeSpecific />
      <AgentRule name="Execution Agents">
      </AgentRule>
    </Execution>
  </TestSettings>
  <Times creation="2013-04-10T15:19:35.6070054-04:00" queuing="2013-04-10T15:19:35.6500097-04:00" start="2013-04-10T15:19:35.6900137-04:00" finish="2013-04-10T15:19:59.7524197-04:00" />
  <ResultSummary outcome="Failed">
    <Counters total="1" executed="1" error="0" failed="1" timeout="0" aborted="0" inconclusive="0" passedButRunAborted="0" notRunnable="0" notExecuted="0" disconnected="0" warning="0" passed="0" completed="0" inProgress="0" pending="0" />
  </ResultSummary>
  <TestDefinitions>
    <UnitTest name="TestMethod1" storage="c:\users\reneb\documents\my dropbox\visual studio 2010\projects\webserviceversioning\testproject1\bin\debug\testproject1.dll" id="59863143-3238-122e-4d8a-637b491cc755">
      <Execution id="8391c132-80ce-4d8b-8beb-8bf8dc791cbd" />
      <TestMethod codeBase="C:/Users/reneb/Documents/My Dropbox/Visual Studio 2010/Projects/WebServiceVersioning/TestProject1/bin/Debug/TestProject1.DLL" adapterTypeName="Microsoft.VisualStudio.TestTools.TestTypes.Unit.UnitTestAdapter, Microsoft.VisualStudio.QualityTools.Tips.UnitTest.Adapter, Version=10.0.0.0, Culture=neutral, PublicKeyToken=b03f5f7f11d50a3a" className="TestProject1.UnitTest1, TestProject1, Version=1.0.0.0, Culture=neutral, PublicKeyToken=null" name="TestMethod1" />
    </UnitTest>
  </TestDefinitions>
  <TestLists>
    <TestList name="Results Not in a List" id="8c84fa94-04c1-424b-9868-57a2d4851a1d" />
    <TestList name="All Loaded Results" id="19431567-8539-422a-85d7-44ee4e166bda" />
  </TestLists>
  <TestEntries>
    <TestEntry testId="59863143-3238-122e-4d8a-637b491cc755" executionId="8391c132-80ce-4d8b-8beb-8bf8dc791cbd" testListId="8c84fa94-04c1-424b-9868-57a2d4851a1d" />
  </TestEntries>
  <Results>
    <UnitTestResult executionId="8391c132-80ce-4d8b-8beb-8bf8dc791cbd" testId="59863143-3238-122e-4d8a-637b491cc755" testName="TestMethod1" computerName="ATLAS-MAC" duration="00:00:23.7828115" startTime="2013-04-10T15:19:35.7130160-04:00" endTime="2013-04-10T15:19:59.7144159-04:00" testType="13cdc9d9-ddb5-4fa4-a97d-d965ccfc6d4b" outcome="Failed" testListId="8c84fa94-04c1-424b-9868-57a2d4851a1d" relativeResultsDirectory="8391c132-80ce-4d8b-8beb-8bf8dc791cbd">
      <Output>
        <DebugTrace>System.Web.Services.Protocols.SoapException: Server was unable to process request. ---&gt; System.NullReferenceException: Object reference not set to an instance of an object.
   at WebServiceVersioning.Validators.WSCustomerInfoValidatorV1.validateFields(WSCustomerInfo custInfo) in C:\Users\reneb\Documents\My Dropbox\Visual Studio 2010\Projects\WebServiceVersioning\WebServiceVersioning\Validators\AbstractValidator.cs:line 40
   at WebServiceVersioning.Validators.AbstractValidator.isValid(WSCustomerInfo custInfo) in C:\Users\reneb\Documents\My Dropbox\Visual Studio 2010\Projects\WebServiceVersioning\WebServiceVersioning\Validators\AbstractValidator.cs:line 24
   at WebServiceVersioning.Validators.AbstractValidator.isValid(WSCustomerInfo custInfo) in C:\Users\reneb\Documents\My Dropbox\Visual Studio 2010\Projects\WebServiceVersioning\WebServiceVersioning\Validators\AbstractValidator.cs:line 20
   at WebServiceVersioning.v2.Service.WSCustomerInfo.validate() in C:\Users\reneb\Documents\My Dropbox\Visual Studio 2010\Projects\WebServiceVersioning\WebServiceVersioning\v2\Service.asmx.cs:line 37
   at WebServiceVersioning.v2.Service.ProcessRequest(WSRequest request) in C:\Users\reneb\Documents\My Dropbox\Visual Studio 2010\Projects\WebServiceVersioning\WebServiceVersioning\v2\Service.asmx.cs:line 66
   --- End of inner exception stack trace ---
</DebugTrace>
        <ErrorInfo>
          <Message>Test method TestProject1.UnitTest1.TestMethod1 threw exception: 
System.NullReferenceException: Object reference not set to an instance of an object.</Message>
          <StackTrace>    at TestProject1.UnitTest1.TestMethod1() in C:\Users\reneb\Documents\My Dropbox\Visual Studio 2010\Projects\WebServiceVersioning\TestProject1\UnitTest1.cs:line 93
</StackTrace>
        </ErrorInfo>
      </Output>
    </UnitTestResult>
  </Results>
</TestRun>